
*** Running vivado
    with args -log dist_mem_gen_0.vds -m64 -product Vivado -mode batch -messageDb vivado.pb -notrace -source dist_mem_gen_0.tcl


****** Vivado v2018.1 (64-bit)
  **** SW Build 2188600 on Wed Apr  4 18:40:38 MDT 2018
  **** IP Build 2185939 on Wed Apr  4 20:55:05 MDT 2018
    ** Copyright 1986-2018 Xilinx, Inc. All Rights Reserved.

source dist_mem_gen_0.tcl -notrace
Command: synth_design -top dist_mem_gen_0 -part xc7k70tfbv676-1 -mode out_of_context
Starting synth_design
Attempting to get a license for feature 'Synthesis' and/or device 'xc7k70t'
INFO: [Common 17-349] Got license for feature 'Synthesis' and/or device 'xc7k70t'
INFO: Launching helper process for spawning children vivado processes
INFO: Helper process launched with PID 11312 
---------------------------------------------------------------------------------
Starting RTL Elaboration : Time (s): cpu = 00:00:05 ; elapsed = 00:00:06 . Memory (MB): peak = 386.180 ; gain = 95.840
---------------------------------------------------------------------------------
INFO: [Synth 8-638] synthesizing module 'dist_mem_gen_0' [c:/Users/Nixon/Desktop/projects/neural_networks/light_neural_network/neuron_unit/vivado_project/vivado_project.srcs/sources_1/ip/dist_mem_gen_0/synth/dist_mem_gen_0.vhd:67]
	Parameter C_FAMILY bound to: kintex7 - type: string 
	Parameter C_ADDR_WIDTH bound to: 4 - type: integer 
	Parameter C_DEFAULT_DATA bound to: 0 - type: string 
	Parameter C_DEPTH bound to: 16 - type: integer 
	Parameter C_HAS_CLK bound to: 1 - type: integer 
	Parameter C_HAS_D bound to: 0 - type: integer 
	Parameter C_HAS_DPO bound to: 0 - type: integer 
	Parameter C_HAS_DPRA bound to: 0 - type: integer 
	Parameter C_HAS_I_CE bound to: 0 - type: integer 
	Parameter C_HAS_QDPO bound to: 0 - type: integer 
	Parameter C_HAS_QDPO_CE bound to: 0 - type: integer 
	Parameter C_HAS_QDPO_CLK bound to: 0 - type: integer 
	Parameter C_HAS_QDPO_RST bound to: 0 - type: integer 
	Parameter C_HAS_QDPO_SRST bound to: 0 - type: integer 
	Parameter C_HAS_QSPO bound to: 0 - type: integer 
	Parameter C_HAS_QSPO_CE bound to: 0 - type: integer 
	Parameter C_HAS_QSPO_RST bound to: 0 - type: integer 
	Parameter C_HAS_QSPO_SRST bound to: 0 - type: integer 
	Parameter C_HAS_SPO bound to: 1 - type: integer 
	Parameter C_HAS_WE bound to: 0 - type: integer 
	Parameter C_MEM_INIT_FILE bound to: no_coe_file_loaded - type: string 
	Parameter C_ELABORATION_DIR bound to: ./ - type: string 
	Parameter C_MEM_TYPE bound to: 0 - type: integer 
	Parameter C_PIPELINE_STAGES bound to: 0 - type: integer 
	Parameter C_QCE_JOINED bound to: 0 - type: integer 
	Parameter C_QUALIFY_WE bound to: 0 - type: integer 
	Parameter C_READ_MIF bound to: 0 - type: integer 
	Parameter C_REG_A_D_INPUTS bound to: 1 - type: integer 
	Parameter C_REG_DPRA_INPUT bound to: 0 - type: integer 
	Parameter C_SYNC_ENABLE bound to: 1 - type: integer 
	Parameter C_WIDTH bound to: 8 - type: integer 
	Parameter C_PARSER_TYPE bound to: 1 - type: integer 
INFO: [Synth 8-3491] module 'dist_mem_gen_v8_0_12' declared at 'c:/Users/Nixon/Desktop/projects/neural_networks/light_neural_network/neuron_unit/vivado_project/vivado_project.srcs/sources_1/ip/dist_mem_gen_0/hdl/dist_mem_gen_v8_0_vhsyn_rfs.vhd:3237' bound to instance 'U0' of component 'dist_mem_gen_v8_0_12' [c:/Users/Nixon/Desktop/projects/neural_networks/light_neural_network/neuron_unit/vivado_project/vivado_project.srcs/sources_1/ip/dist_mem_gen_0/synth/dist_mem_gen_0.vhd:133]
INFO: [Synth 8-256] done synthesizing module 'dist_mem_gen_0' (4#1) [c:/Users/Nixon/Desktop/projects/neural_networks/light_neural_network/neuron_unit/vivado_project/vivado_project.srcs/sources_1/ip/dist_mem_gen_0/synth/dist_mem_gen_0.vhd:67]
WARNING: [Synth 8-3331] design rom has unconnected port qspo[7]
WARNING: [Synth 8-3331] design rom has unconnected port qspo[6]
WARNING: [Synth 8-3331] design rom has unconnected port qspo[5]
WARNING: [Synth 8-3331] design rom has unconnected port qspo[4]
WARNING: [Synth 8-3331] design rom has unconnected port qspo[3]
WARNING: [Synth 8-3331] design rom has unconnected port qspo[2]
WARNING: [Synth 8-3331] design rom has unconnected port qspo[1]
WARNING: [Synth 8-3331] design rom has unconnected port qspo[0]
WARNING: [Synth 8-3331] design rom has unconnected port a[3]
WARNING: [Synth 8-3331] design rom has unconnected port a[2]
WARNING: [Synth 8-3331] design rom has unconnected port a[1]
WARNING: [Synth 8-3331] design rom has unconnected port a[0]
WARNING: [Synth 8-3331] design rom has unconnected port clk
WARNING: [Synth 8-3331] design rom has unconnected port qspo_ce
WARNING: [Synth 8-3331] design rom has unconnected port qspo_rst
WARNING: [Synth 8-3331] design rom has unconnected port qspo_srst
WARNING: [Synth 8-3331] design dist_mem_gen_v8_0_12_synth has unconnected port dpo[7]
WARNING: [Synth 8-3331] design dist_mem_gen_v8_0_12_synth has unconnected port dpo[6]
WARNING: [Synth 8-3331] design dist_mem_gen_v8_0_12_synth has unconnected port dpo[5]
WARNING: [Synth 8-3331] design dist_mem_gen_v8_0_12_synth has unconnected port dpo[4]
WARNING: [Synth 8-3331] design dist_mem_gen_v8_0_12_synth has unconnected port dpo[3]
WARNING: [Synth 8-3331] design dist_mem_gen_v8_0_12_synth has unconnected port dpo[2]
WARNING: [Synth 8-3331] design dist_mem_gen_v8_0_12_synth has unconnected port dpo[1]
WARNING: [Synth 8-3331] design dist_mem_gen_v8_0_12_synth has unconnected port dpo[0]
WARNING: [Synth 8-3331] design dist_mem_gen_v8_0_12_synth has unconnected port qdpo[7]
WARNING: [Synth 8-3331] design dist_mem_gen_v8_0_12_synth has unconnected port qdpo[6]
WARNING: [Synth 8-3331] design dist_mem_gen_v8_0_12_synth has unconnected port qdpo[5]
WARNING: [Synth 8-3331] design dist_mem_gen_v8_0_12_synth has unconnected port qdpo[4]
WARNING: [Synth 8-3331] design dist_mem_gen_v8_0_12_synth has unconnected port qdpo[3]
WARNING: [Synth 8-3331] design dist_mem_gen_v8_0_12_synth has unconnected port qdpo[2]
WARNING: [Synth 8-3331] design dist_mem_gen_v8_0_12_synth has unconnected port qdpo[1]
WARNING: [Synth 8-3331] design dist_mem_gen_v8_0_12_synth has unconnected port qdpo[0]
WARNING: [Synth 8-3331] design dist_mem_gen_v8_0_12_synth has unconnected port d[7]
WARNING: [Synth 8-3331] design dist_mem_gen_v8_0_12_synth has unconnected port d[6]
WARNING: [Synth 8-3331] design dist_mem_gen_v8_0_12_synth has unconnected port d[5]
WARNING: [Synth 8-3331] design dist_mem_gen_v8_0_12_synth has unconnected port d[4]
WARNING: [Synth 8-3331] design dist_mem_gen_v8_0_12_synth has unconnected port d[3]
WARNING: [Synth 8-3331] design dist_mem_gen_v8_0_12_synth has unconnected port d[2]
WARNING: [Synth 8-3331] design dist_mem_gen_v8_0_12_synth has unconnected port d[1]
WARNING: [Synth 8-3331] design dist_mem_gen_v8_0_12_synth has unconnected port d[0]
WARNING: [Synth 8-3331] design dist_mem_gen_v8_0_12_synth has unconnected port dpra[3]
WARNING: [Synth 8-3331] design dist_mem_gen_v8_0_12_synth has unconnected port dpra[2]
WARNING: [Synth 8-3331] design dist_mem_gen_v8_0_12_synth has unconnected port dpra[1]
WARNING: [Synth 8-3331] design dist_mem_gen_v8_0_12_synth has unconnected port dpra[0]
WARNING: [Synth 8-3331] design dist_mem_gen_v8_0_12_synth has unconnected port we
WARNING: [Synth 8-3331] design dist_mem_gen_v8_0_12_synth has unconnected port i_ce
WARNING: [Synth 8-3331] design dist_mem_gen_v8_0_12_synth has unconnected port qdpo_ce
WARNING: [Synth 8-3331] design dist_mem_gen_v8_0_12_synth has unconnected port qdpo_clk
WARNING: [Synth 8-3331] design dist_mem_gen_v8_0_12_synth has unconnected port qdpo_rst
WARNING: [Synth 8-3331] design dist_mem_gen_v8_0_12_synth has unconnected port qdpo_srst
WARNING: [Synth 8-3331] design dist_mem_gen_v8_0_12 has unconnected port d[7]
WARNING: [Synth 8-3331] design dist_mem_gen_v8_0_12 has unconnected port d[6]
WARNING: [Synth 8-3331] design dist_mem_gen_v8_0_12 has unconnected port d[5]
WARNING: [Synth 8-3331] design dist_mem_gen_v8_0_12 has unconnected port d[4]
WARNING: [Synth 8-3331] design dist_mem_gen_v8_0_12 has unconnected port d[3]
WARNING: [Synth 8-3331] design dist_mem_gen_v8_0_12 has unconnected port d[2]
WARNING: [Synth 8-3331] design dist_mem_gen_v8_0_12 has unconnected port d[1]
WARNING: [Synth 8-3331] design dist_mem_gen_v8_0_12 has unconnected port d[0]
WARNING: [Synth 8-3331] design dist_mem_gen_v8_0_12 has unconnected port dpra[3]
WARNING: [Synth 8-3331] design dist_mem_gen_v8_0_12 has unconnected port dpra[2]
WARNING: [Synth 8-3331] design dist_mem_gen_v8_0_12 has unconnected port dpra[1]
WARNING: [Synth 8-3331] design dist_mem_gen_v8_0_12 has unconnected port dpra[0]
WARNING: [Synth 8-3331] design dist_mem_gen_v8_0_12 has unconnected port we
WARNING: [Synth 8-3331] design dist_mem_gen_v8_0_12 has unconnected port i_ce
WARNING: [Synth 8-3331] design dist_mem_gen_v8_0_12 has unconnected port qspo_ce
WARNING: [Synth 8-3331] design dist_mem_gen_v8_0_12 has unconnected port qdpo_ce
WARNING: [Synth 8-3331] design dist_mem_gen_v8_0_12 has unconnected port qdpo_clk
WARNING: [Synth 8-3331] design dist_mem_gen_v8_0_12 has unconnected port qspo_rst
WARNING: [Synth 8-3331] design dist_mem_gen_v8_0_12 has unconnected port qdpo_rst
WARNING: [Synth 8-3331] design dist_mem_gen_v8_0_12 has unconnected port qspo_srst
WARNING: [Synth 8-3331] design dist_mem_gen_v8_0_12 has unconnected port qdpo_srst
---------------------------------------------------------------------------------
Finished RTL Elaboration : Time (s): cpu = 00:00:05 ; elapsed = 00:00:07 . Memory (MB): peak = 441.875 ; gain = 151.535
---------------------------------------------------------------------------------

Report Check Netlist: 
+------+------------------+-------+---------+-------+------------------+
|      |Item              |Errors |Warnings |Status |Description       |
+------+------------------+-------+---------+-------+------------------+
|1     |multi_driven_nets |      0|        0|Passed |Multi driven nets |
+------+------------------+-------+---------+-------+------------------+
---------------------------------------------------------------------------------
Start Handling Custom Attributes
---------------------------------------------------------------------------------
---------------------------------------------------------------------------------
Finished Handling Custom Attributes : Time (s): cpu = 00:00:05 ; elapsed = 00:00:07 . Memory (MB): peak = 441.875 ; gain = 151.535
---------------------------------------------------------------------------------
---------------------------------------------------------------------------------
Finished RTL Optimization Phase 1 : Time (s): cpu = 00:00:05 ; elapsed = 00:00:07 . Memory (MB): peak = 441.875 ; gain = 151.535
---------------------------------------------------------------------------------
INFO: [Device 21-403] Loading part xc7k70tfbv676-1
INFO: [Project 1-570] Preparing netlist for logic optimization

Processing XDC Constraints
Initializing timing engine
Parsing XDC File [c:/Users/Nixon/Desktop/projects/neural_networks/light_neural_network/neuron_unit/vivado_project/vivado_project.srcs/sources_1/ip/dist_mem_gen_0/dist_mem_gen_0_ooc.xdc] for cell 'U0'
Finished Parsing XDC File [c:/Users/Nixon/Desktop/projects/neural_networks/light_neural_network/neuron_unit/vivado_project/vivado_project.srcs/sources_1/ip/dist_mem_gen_0/dist_mem_gen_0_ooc.xdc] for cell 'U0'
Parsing XDC File [C:/Users/Nixon/Desktop/projects/neural_networks/light_neural_network/neuron_unit/vivado_project/vivado_project.runs/dist_mem_gen_0_synth_1/dont_touch.xdc]
Finished Parsing XDC File [C:/Users/Nixon/Desktop/projects/neural_networks/light_neural_network/neuron_unit/vivado_project/vivado_project.runs/dist_mem_gen_0_synth_1/dont_touch.xdc]
Completed Processing XDC Constraints

INFO: [Project 1-111] Unisim Transformation Summary:
No Unisim elements were transformed.

Constraint Validation Runtime : Time (s): cpu = 00:00:00 ; elapsed = 00:00:00.011 . Memory (MB): peak = 679.344 ; gain = 1.090
---------------------------------------------------------------------------------
Finished Constraint Validation : Time (s): cpu = 00:00:15 ; elapsed = 00:00:20 . Memory (MB): peak = 679.344 ; gain = 389.004
---------------------------------------------------------------------------------
---------------------------------------------------------------------------------
Start Loading Part and Timing Information
---------------------------------------------------------------------------------
Loading part: xc7k70tfbv676-1
---------------------------------------------------------------------------------
Finished Loading Part and Timing Information : Time (s): cpu = 00:00:15 ; elapsed = 00:00:20 . Memory (MB): peak = 679.344 ; gain = 389.004
---------------------------------------------------------------------------------
---------------------------------------------------------------------------------
Start Applying 'set_property' XDC Constraints
---------------------------------------------------------------------------------
Applied set_property DONT_TOUCH = true for U0. (constraint file  C:/Users/Nixon/Desktop/projects/neural_networks/light_neural_network/neuron_unit/vivado_project/vivado_project.runs/dist_mem_gen_0_synth_1/dont_touch.xdc, line 9).
---------------------------------------------------------------------------------
Finished applying 'set_property' XDC Constraints : Time (s): cpu = 00:00:15 ; elapsed = 00:00:20 . Memory (MB): peak = 679.344 ; gain = 389.004
---------------------------------------------------------------------------------
---------------------------------------------------------------------------------
Finished RTL Optimization Phase 2 : Time (s): cpu = 00:00:15 ; elapsed = 00:00:21 . Memory (MB): peak = 679.344 ; gain = 389.004
---------------------------------------------------------------------------------

Report RTL Partitions: 
+-+--------------+------------+----------+
| |RTL Partition |Replication |Instances |
+-+--------------+------------+----------+
+-+--------------+------------+----------+
---------------------------------------------------------------------------------
Start RTL Component Statistics 
---------------------------------------------------------------------------------
Detailed RTL Component Info : 
---------------------------------------------------------------------------------
Finished RTL Component Statistics 
---------------------------------------------------------------------------------
---------------------------------------------------------------------------------
Start RTL Hierarchical Component Statistics 
---------------------------------------------------------------------------------
Hierarchical RTL Component report 
---------------------------------------------------------------------------------
Finished RTL Hierarchical Component Statistics
---------------------------------------------------------------------------------
---------------------------------------------------------------------------------
Start Part Resource Summary
---------------------------------------------------------------------------------
Part Resources:
DSPs: 240 (col length:80)
BRAMs: 270 (col length: RAMB18 80 RAMB36 40)
---------------------------------------------------------------------------------
Finished Part Resource Summary
---------------------------------------------------------------------------------
---------------------------------------------------------------------------------
Start Cross Boundary and Area Optimization
---------------------------------------------------------------------------------
Warning: Parallel synthesis criteria is not met 
WARNING: [Synth 8-3331] design dist_mem_gen_v8_0_12 has unconnected port dpo[7]
WARNING: [Synth 8-3331] design dist_mem_gen_v8_0_12 has unconnected port dpo[6]
WARNING: [Synth 8-3331] design dist_mem_gen_v8_0_12 has unconnected port dpo[5]
WARNING: [Synth 8-3331] design dist_mem_gen_v8_0_12 has unconnected port dpo[4]
WARNING: [Synth 8-3331] design dist_mem_gen_v8_0_12 has unconnected port dpo[3]
WARNING: [Synth 8-3331] design dist_mem_gen_v8_0_12 has unconnected port dpo[2]
WARNING: [Synth 8-3331] design dist_mem_gen_v8_0_12 has unconnected port dpo[1]
WARNING: [Synth 8-3331] design dist_mem_gen_v8_0_12 has unconnected port dpo[0]
WARNING: [Synth 8-3331] design dist_mem_gen_v8_0_12 has unconnected port qspo[7]
WARNING: [Synth 8-3331] design dist_mem_gen_v8_0_12 has unconnected port qspo[6]
WARNING: [Synth 8-3331] design dist_mem_gen_v8_0_12 has unconnected port qspo[5]
WARNING: [Synth 8-3331] design dist_mem_gen_v8_0_12 has unconnected port qspo[4]
WARNING: [Synth 8-3331] design dist_mem_gen_v8_0_12 has unconnected port qspo[3]
WARNING: [Synth 8-3331] design dist_mem_gen_v8_0_12 has unconnected port qspo[2]
WARNING: [Synth 8-3331] design dist_mem_gen_v8_0_12 has unconnected port qspo[1]
WARNING: [Synth 8-3331] design dist_mem_gen_v8_0_12 has unconnected port qspo[0]
WARNING: [Synth 8-3331] design dist_mem_gen_v8_0_12 has unconnected port qdpo[7]
WARNING: [Synth 8-3331] design dist_mem_gen_v8_0_12 has unconnected port qdpo[6]
WARNING: [Synth 8-3331] design dist_mem_gen_v8_0_12 has unconnected port qdpo[5]
WARNING: [Synth 8-3331] design dist_mem_gen_v8_0_12 has unconnected port qdpo[4]
WARNING: [Synth 8-3331] design dist_mem_gen_v8_0_12 has unconnected port qdpo[3]
WARNING: [Synth 8-3331] design dist_mem_gen_v8_0_12 has unconnected port qdpo[2]
WARNING: [Synth 8-3331] design dist_mem_gen_v8_0_12 has unconnected port qdpo[1]
WARNING: [Synth 8-3331] design dist_mem_gen_v8_0_12 has unconnected port qdpo[0]
WARNING: [Synth 8-3331] design dist_mem_gen_v8_0_12 has unconnected port a[3]
WARNING: [Synth 8-3331] design dist_mem_gen_v8_0_12 has unconnected port a[2]
WARNING: [Synth 8-3331] design dist_mem_gen_v8_0_12 has unconnected port a[1]
WARNING: [Synth 8-3331] design dist_mem_gen_v8_0_12 has unconnected port a[0]
WARNING: [Synth 8-3331] design dist_mem_gen_v8_0_12 has unconnected port d[7]
INFO: [Common 17-14] Message 'Synth 8-3331' appears 100 times and further instances of the messages will be disabled. Use the Tcl command set_msg_config to change the current settings.
---------------------------------------------------------------------------------
Finished Cross Boundary and Area Optimization : Time (s): cpu = 00:00:15 ; elapsed = 00:00:21 . Memory (MB): peak = 679.344 ; gain = 389.004
---------------------------------------------------------------------------------

Report RTL Partitions: 
+-+--------------+------------+----------+
| |RTL Partition |Replication |Instances |
+-+--------------+------------+----------+
+-+--------------+------------+----------+
---------------------------------------------------------------------------------
Start Applying XDC Timing Constraints
---------------------------------------------------------------------------------
---------------------------------------------------------------------------------
Finished Applying XDC Timing Constraints : Time (s): cpu = 00:00:22 ; elapsed = 00:00:30 . Memory (MB): peak = 738.445 ; gain = 448.105
---------------------------------------------------------------------------------
---------------------------------------------------------------------------------
Start Timing Optimization
---------------------------------------------------------------------------------
---------------------------------------------------------------------------------
Finished Timing Optimization : Time (s): cpu = 00:00:22 ; elapsed = 00:00:30 . Memory (MB): peak = 738.445 ; gain = 448.105
---------------------------------------------------------------------------------

Report RTL Partitions: 
+-+--------------+------------+----------+
| |RTL Partition |Replication |Instances |
+-+--------------+------------+----------+
+-+--------------+------------+----------+
---------------------------------------------------------------------------------
Start Technology Mapping
---------------------------------------------------------------------------------
---------------------------------------------------------------------------------
Finished Technology Mapping : Time (s): cpu = 00:00:22 ; elapsed = 00:00:30 . Memory (MB): peak = 738.445 ; gain = 448.105
---------------------------------------------------------------------------------

Report RTL Partitions: 
+-+--------------+------------+----------+
| |RTL Partition |Replication |Instances |
+-+--------------+------------+----------+
+-+--------------+------------+----------+
---------------------------------------------------------------------------------
Start IO Insertion
---------------------------------------------------------------------------------
---------------------------------------------------------------------------------
Start Flattening Before IO Insertion
---------------------------------------------------------------------------------
---------------------------------------------------------------------------------
Finished Flattening Before IO Insertion
---------------------------------------------------------------------------------
---------------------------------------------------------------------------------
Start Final Netlist Cleanup
---------------------------------------------------------------------------------
---------------------------------------------------------------------------------
Finished Final Netlist Cleanup
---------------------------------------------------------------------------------
---------------------------------------------------------------------------------
Finished IO Insertion : Time (s): cpu = 00:00:22 ; elapsed = 00:00:31 . Memory (MB): peak = 739.570 ; gain = 449.230
---------------------------------------------------------------------------------

Report Check Netlist: 
+------+------------------+-------+---------+-------+------------------+
|      |Item              |Errors |Warnings |Status |Description       |
+------+------------------+-------+---------+-------+------------------+
|1     |multi_driven_nets |      0|        0|Passed |Multi driven nets |
+------+------------------+-------+---------+-------+------------------+
---------------------------------------------------------------------------------
Start Renaming Generated Instances
---------------------------------------------------------------------------------
---------------------------------------------------------------------------------
Finished Renaming Generated Instances : Time (s): cpu = 00:00:22 ; elapsed = 00:00:31 . Memory (MB): peak = 739.570 ; gain = 449.230
---------------------------------------------------------------------------------

Report RTL Partitions: 
+-+--------------+------------+----------+
| |RTL Partition |Replication |Instances |
+-+--------------+------------+----------+
+-+--------------+------------+----------+
---------------------------------------------------------------------------------
Start Rebuilding User Hierarchy
---------------------------------------------------------------------------------
---------------------------------------------------------------------------------
Finished Rebuilding User Hierarchy : Time (s): cpu = 00:00:22 ; elapsed = 00:00:31 . Memory (MB): peak = 739.570 ; gain = 449.230
---------------------------------------------------------------------------------
---------------------------------------------------------------------------------
Start Renaming Generated Ports
---------------------------------------------------------------------------------
---------------------------------------------------------------------------------
Finished Renaming Generated Ports : Time (s): cpu = 00:00:22 ; elapsed = 00:00:31 . Memory (MB): peak = 739.570 ; gain = 449.230
---------------------------------------------------------------------------------
---------------------------------------------------------------------------------
Start Handling Custom Attributes
---------------------------------------------------------------------------------
---------------------------------------------------------------------------------
Finished Handling Custom Attributes : Time (s): cpu = 00:00:22 ; elapsed = 00:00:31 . Memory (MB): peak = 739.570 ; gain = 449.230
---------------------------------------------------------------------------------
---------------------------------------------------------------------------------
Start Renaming Generated Nets
---------------------------------------------------------------------------------
---------------------------------------------------------------------------------
Finished Renaming Generated Nets : Time (s): cpu = 00:00:22 ; elapsed = 00:00:31 . Memory (MB): peak = 739.570 ; gain = 449.230
---------------------------------------------------------------------------------
---------------------------------------------------------------------------------
Start Writing Synthesis Report
---------------------------------------------------------------------------------

Report BlackBoxes: 
+-+--------------+----------+
| |BlackBox name |Instances |
+-+--------------+----------+
+-+--------------+----------+

Report Cell Usage: 
+-+-----+------+
| |Cell |Count |
+-+-----+------+
+-+-----+------+

Report Instance Areas: 
+------+---------+---------------------+------+
|      |Instance |Module               |Cells |
+------+---------+---------------------+------+
|1     |top      |                     |     0|
|2     |  U0     |dist_mem_gen_v8_0_12 |     0|
+------+---------+---------------------+------+
---------------------------------------------------------------------------------
Finished Writing Synthesis Report : Time (s): cpu = 00:00:22 ; elapsed = 00:00:31 . Memory (MB): peak = 739.570 ; gain = 449.230
---------------------------------------------------------------------------------
Synthesis finished with 0 errors, 0 critical warnings and 50 warnings.
Synthesis Optimization Runtime : Time (s): cpu = 00:00:11 ; elapsed = 00:00:23 . Memory (MB): peak = 739.570 ; gain = 211.762
Synthesis Optimization Complete : Time (s): cpu = 00:00:22 ; elapsed = 00:00:31 . Memory (MB): peak = 739.570 ; gain = 449.230
INFO: [Project 1-571] Translating synthesized netlist
INFO: [Project 1-570] Preparing netlist for logic optimization
INFO: [Opt 31-138] Pushed 0 inverter(s) to 0 load pin(s).
INFO: [Project 1-111] Unisim Transformation Summary:
No Unisim elements were transformed.

INFO: [Common 17-83] Releasing license: Synthesis
13 Infos, 100 Warnings, 0 Critical Warnings and 0 Errors encountered.
synth_design completed successfully
synth_design: Time (s): cpu = 00:00:24 ; elapsed = 00:00:33 . Memory (MB): peak = 766.426 ; gain = 485.977
INFO: [Common 17-1381] The checkpoint 'C:/Users/Nixon/Desktop/projects/neural_networks/light_neural_network/neuron_unit/vivado_project/vivado_project.runs/dist_mem_gen_0_synth_1/dist_mem_gen_0.dcp' has been generated.
