#! /usr/bin/vvp
:ivl_version "11.0 (stable)";
:ivl_delay_selection "TYPICAL";
:vpi_time_precision - 12;
:vpi_module "/usr/lib/x86_64-linux-gnu/ivl/system.vpi";
:vpi_module "/usr/lib/x86_64-linux-gnu/ivl/vhdl_sys.vpi";
:vpi_module "/usr/lib/x86_64-linux-gnu/ivl/vhdl_textio.vpi";
:vpi_module "/usr/lib/x86_64-linux-gnu/ivl/v2005_math.vpi";
:vpi_module "/usr/lib/x86_64-linux-gnu/ivl/va_math.vpi";
S_0x55fc69b45610 .scope module, "fp_adder_tb" "fp_adder_tb" 2 3;
 .timescale -9 -12;
v0x55fc69ba06b0_0 .var "a", 31 0;
v0x55fc69ba0770_0 .var "b", 31 0;
v0x55fc69ba0840_0 .net "sum", 31 0, L_0x55fc69bb6910;  1 drivers
S_0x55fc69b48d70 .scope module, "UUT" "fp_adder" 2 9, 3 1 0, S_0x55fc69b45610;
 .timescale -9 -12;
    .port_info 0 /INPUT 32 "a";
    .port_info 1 /INPUT 32 "b";
    .port_info 2 /OUTPUT 32 "sum";
L_0x55fc69ba1580 .functor XOR 1, L_0x55fc69ba2e00, L_0x55fc69ba2ea0, C4<0>, C4<0>;
L_0x55fc69ba30f0 .functor NOT 1, L_0x55fc69ba1580, C4<0>, C4<0>, C4<0>;
L_0x55fc69ba31b0 .functor AND 1, L_0x55fc69ba2bc0, L_0x55fc69ba30f0, C4<1>, C4<1>;
L_0x55fc69ba3750 .functor NOT 1, L_0x55fc69ba30f0, C4<0>, C4<0>, C4<0>;
L_0x55fc69bb4b10 .functor AND 1, L_0x55fc69ba2bc0, L_0x55fc69ba3750, C4<1>, C4<1>;
L_0x55fc69bb4bd0 .functor NOT 24, L_0x55fc69ba2680, C4<000000000000000000000000>, C4<000000000000000000000000>, C4<000000000000000000000000>;
L_0x55fc69bb4d20 .functor BUFZ 8, L_0x55fc69bb5a80, C4<00000000>, C4<00000000>, C4<00000000>;
L_0x55fc69bb60a0 .functor NOT 1, L_0x55fc69ba30f0, C4<0>, C4<0>, C4<0>;
v0x55fc69b9b9b0_0 .net *"_ivl_105", 0 0, L_0x55fc69bb41c0;  1 drivers
v0x55fc69b9bab0_0 .net *"_ivl_107", 7 0, L_0x55fc69bb43c0;  1 drivers
L_0x7fceea5d6210 .functor BUFT 1, C4<00000001>, C4<0>, C4<0>, C4<0>;
v0x55fc69b9bb90_0 .net/2u *"_ivl_108", 7 0, L_0x7fceea5d6210;  1 drivers
v0x55fc69b9bc50_0 .net *"_ivl_11", 63 0, L_0x55fc69ba0f40;  1 drivers
v0x55fc69b9bd30_0 .net *"_ivl_110", 7 0, L_0x55fc69bb4460;  1 drivers
v0x55fc69b9be60_0 .net *"_ivl_113", 7 0, L_0x55fc69bb4710;  1 drivers
v0x55fc69b9bf40_0 .net *"_ivl_114", 7 0, L_0x55fc69bb47b0;  1 drivers
v0x55fc69b9c020_0 .net *"_ivl_116", 0 0, L_0x55fc69ba3750;  1 drivers
v0x55fc69b9c100_0 .net *"_ivl_118", 0 0, L_0x55fc69bb4b10;  1 drivers
v0x55fc69b9c1e0_0 .net *"_ivl_120", 23 0, L_0x55fc69bb4bd0;  1 drivers
L_0x7fceea5d6258 .functor BUFT 1, C4<000000000000000000000001>, C4<0>, C4<0>, C4<0>;
v0x55fc69b9c2c0_0 .net/2u *"_ivl_122", 23 0, L_0x7fceea5d6258;  1 drivers
v0x55fc69b9c3a0_0 .net *"_ivl_124", 23 0, L_0x55fc69bb4c80;  1 drivers
L_0x7fceea5d62a0 .functor BUFT 1, C4<000000000000000000000000>, C4<0>, C4<0>, C4<0>;
v0x55fc69b9c480_0 .net/2u *"_ivl_126", 23 0, L_0x7fceea5d62a0;  1 drivers
v0x55fc69b9c560_0 .net *"_ivl_13", 63 0, L_0x55fc69ba1070;  1 drivers
v0x55fc69b9c640_0 .net *"_ivl_130", 24 0, L_0x55fc69bb5100;  1 drivers
L_0x7fceea5d62e8 .functor BUFT 1, C4<0>, C4<0>, C4<0>, C4<0>;
v0x55fc69b9c720_0 .net *"_ivl_133", 0 0, L_0x7fceea5d62e8;  1 drivers
v0x55fc69b9c800_0 .net *"_ivl_134", 24 0, L_0x55fc69bb51f0;  1 drivers
L_0x7fceea5d6330 .functor BUFT 1, C4<0>, C4<0>, C4<0>, C4<0>;
v0x55fc69b9c8e0_0 .net *"_ivl_137", 0 0, L_0x7fceea5d6330;  1 drivers
v0x55fc69b9c9c0_0 .net *"_ivl_138", 24 0, L_0x55fc69bb54d0;  1 drivers
L_0x7fceea5d6378 .functor BUFT 1, C4<0000000000000000000000000>, C4<0>, C4<0>, C4<0>;
v0x55fc69b9caa0_0 .net/2u *"_ivl_140", 24 0, L_0x7fceea5d6378;  1 drivers
v0x55fc69b9cb80_0 .net *"_ivl_149", 7 0, L_0x55fc69bb4d20;  1 drivers
v0x55fc69b9cc60_0 .net *"_ivl_154", 22 0, L_0x55fc69bb5f60;  1 drivers
v0x55fc69b9cd40_0 .net *"_ivl_155", 0 0, L_0x55fc69bb60a0;  1 drivers
v0x55fc69b9ce20_0 .net *"_ivl_158", 0 0, L_0x55fc69bb61f0;  1 drivers
v0x55fc69b9cf00_0 .net *"_ivl_159", 31 0, L_0x55fc69bb6460;  1 drivers
v0x55fc69b9cfe0_0 .net *"_ivl_16", 7 0, L_0x55fc69ba11b0;  1 drivers
v0x55fc69b9d0c0_0 .net *"_ivl_162", 0 0, L_0x55fc69bb6550;  1 drivers
v0x55fc69b9d1a0_0 .net *"_ivl_163", 31 0, L_0x55fc69bb67d0;  1 drivers
v0x55fc69b9d280_0 .net *"_ivl_18", 0 0, L_0x55fc69ba12a0;  1 drivers
L_0x7fceea5d6018 .functor BUFT 1, C4<1>, C4<0>, C4<0>, C4<0>;
v0x55fc69b9d340_0 .net/2u *"_ivl_19", 0 0, L_0x7fceea5d6018;  1 drivers
v0x55fc69b9d420_0 .net *"_ivl_22", 22 0, L_0x55fc69ba13f0;  1 drivers
v0x55fc69b9d500_0 .net *"_ivl_23", 23 0, L_0x55fc69ba1490;  1 drivers
L_0x7fceea5d6060 .functor BUFT 1, C4<0>, C4<0>, C4<0>, C4<0>;
v0x55fc69b9d5e0_0 .net/2u *"_ivl_25", 0 0, L_0x7fceea5d6060;  1 drivers
v0x55fc69b9d6c0_0 .net *"_ivl_28", 22 0, L_0x55fc69ba15f0;  1 drivers
v0x55fc69b9d7a0_0 .net *"_ivl_29", 23 0, L_0x55fc69ba1720;  1 drivers
v0x55fc69b9d880_0 .net *"_ivl_34", 7 0, L_0x55fc69ba1a20;  1 drivers
v0x55fc69b9d960_0 .net *"_ivl_36", 0 0, L_0x55fc69ba1ba0;  1 drivers
L_0x7fceea5d60a8 .functor BUFT 1, C4<1>, C4<0>, C4<0>, C4<0>;
v0x55fc69b9da20_0 .net/2u *"_ivl_37", 0 0, L_0x7fceea5d60a8;  1 drivers
v0x55fc69b9db00_0 .net *"_ivl_4", 30 0, L_0x55fc69ba0b10;  1 drivers
v0x55fc69b9dbe0_0 .net *"_ivl_40", 22 0, L_0x55fc69ba1c90;  1 drivers
v0x55fc69b9dcc0_0 .net *"_ivl_41", 23 0, L_0x55fc69ba1dd0;  1 drivers
L_0x7fceea5d60f0 .functor BUFT 1, C4<0>, C4<0>, C4<0>, C4<0>;
v0x55fc69b9dda0_0 .net/2u *"_ivl_43", 0 0, L_0x7fceea5d60f0;  1 drivers
v0x55fc69b9de80_0 .net *"_ivl_46", 22 0, L_0x55fc69ba1f10;  1 drivers
v0x55fc69b9df60_0 .net *"_ivl_47", 23 0, L_0x55fc69ba1d30;  1 drivers
v0x55fc69b9e040_0 .net *"_ivl_52", 7 0, L_0x55fc69ba2330;  1 drivers
v0x55fc69b9e120_0 .net *"_ivl_54", 7 0, L_0x55fc69ba23d0;  1 drivers
v0x55fc69b9e200_0 .net *"_ivl_6", 30 0, L_0x55fc69ba0c00;  1 drivers
v0x55fc69b9e2e0_0 .net *"_ivl_60", 7 0, L_0x55fc69ba28a0;  1 drivers
v0x55fc69b9e3c0_0 .net *"_ivl_64", 7 0, L_0x55fc69ba2b20;  1 drivers
v0x55fc69b9e4a0_0 .net *"_ivl_68", 0 0, L_0x55fc69ba2e00;  1 drivers
v0x55fc69b9e580_0 .net *"_ivl_7", 0 0, L_0x55fc69ba0d20;  1 drivers
v0x55fc69b9e640_0 .net *"_ivl_70", 0 0, L_0x55fc69ba2ea0;  1 drivers
v0x55fc69b9e720_0 .net *"_ivl_71", 0 0, L_0x55fc69ba1580;  1 drivers
v0x55fc69b9e800_0 .net *"_ivl_75", 0 0, L_0x55fc69ba31b0;  1 drivers
v0x55fc69b9e8e0_0 .net *"_ivl_77", 24 0, L_0x55fc69ba32c0;  1 drivers
L_0x7fceea5d6138 .functor BUFT 1, C4<0>, C4<0>, C4<0>, C4<0>;
v0x55fc69b9e9c0_0 .net *"_ivl_80", 0 0, L_0x7fceea5d6138;  1 drivers
v0x55fc69b9eaa0_0 .net *"_ivl_81", 24 0, L_0x55fc69ba3450;  1 drivers
L_0x7fceea5d6180 .functor BUFT 1, C4<0>, C4<0>, C4<0>, C4<0>;
v0x55fc69b9eb80_0 .net *"_ivl_84", 0 0, L_0x7fceea5d6180;  1 drivers
v0x55fc69b9ec60_0 .net *"_ivl_85", 24 0, L_0x55fc69ba36b0;  1 drivers
L_0x7fceea5d61c8 .functor BUFT 1, C4<0000000000000000000000000>, C4<0>, C4<0>, C4<0>;
v0x55fc69b9ed40_0 .net/2u *"_ivl_87", 24 0, L_0x7fceea5d61c8;  1 drivers
v0x55fc69b9ee20_0 .net *"_ivl_9", 63 0, L_0x55fc69ba0e60;  1 drivers
v0x55fc69b9ef00_0 .net *"_ivl_94", 0 0, L_0x55fc69bb3a40;  1 drivers
v0x55fc69b9efe0_0 .net *"_ivl_96", 22 0, L_0x55fc69bb3b30;  1 drivers
v0x55fc69b9f0c0_0 .net *"_ivl_98", 22 0, L_0x55fc69bb3d10;  1 drivers
v0x55fc69b9f1a0_0 .net *"_ivl_99", 22 0, L_0x55fc69bb3e40;  1 drivers
v0x55fc69b9f690_0 .net "a", 31 0, v0x55fc69ba06b0_0;  1 drivers
v0x55fc69b9f770_0 .net "a_operand", 31 0, L_0x55fc69ba0940;  1 drivers
v0x55fc69b9f850_0 .net "add_sum", 30 0, L_0x55fc69bb40d0;  1 drivers
v0x55fc69b9f930_0 .net "b", 31 0, v0x55fc69ba0770_0;  1 drivers
v0x55fc69b9fa10_0 .net "b_operand", 31 0, L_0x55fc69ba0a40;  1 drivers
v0x55fc69b9faf0_0 .net "exponent_diff", 7 0, L_0x55fc69ba2540;  1 drivers
v0x55fc69b9fbd0_0 .net "exponent_shifted_b", 7 0, L_0x55fc69ba2940;  1 drivers
v0x55fc69b9fcb0_0 .net "exponent_sub", 7 0, L_0x55fc69bb5a80;  1 drivers
v0x55fc69b9fd70_0 .net "perform", 0 0, L_0x55fc69ba2bc0;  1 drivers
v0x55fc69b9fe10_0 .net "shifted_b_significand", 23 0, L_0x55fc69ba2680;  1 drivers
v0x55fc69b9fef0_0 .net "significand_a", 23 0, L_0x55fc69ba1890;  1 drivers
v0x55fc69b9ffd0_0 .net "significand_add", 24 0, L_0x55fc69bb3870;  1 drivers
v0x55fc69ba00b0_0 .net "significand_b", 23 0, L_0x55fc69ba20e0;  1 drivers
v0x55fc69ba0190_0 .net "significand_sub", 24 0, L_0x55fc69bb5610;  1 drivers
v0x55fc69ba0250_0 .net "significand_sub_complement", 23 0, L_0x55fc69bb4de0;  1 drivers
v0x55fc69ba0310_0 .net "signos_iguales", 0 0, L_0x55fc69ba30f0;  1 drivers
v0x55fc69ba03d0_0 .net "sub_diff", 30 0, L_0x55fc69bb5cb0;  1 drivers
v0x55fc69ba04b0_0 .net "subtraction_diff", 24 0, v0x55fc69b9b4a0_0;  1 drivers
v0x55fc69ba0570_0 .net "sum", 31 0, L_0x55fc69bb6910;  alias, 1 drivers
L_0x55fc69ba0940 .part L_0x55fc69ba1070, 32, 32;
L_0x55fc69ba0a40 .part L_0x55fc69ba1070, 0, 32;
L_0x55fc69ba0b10 .part v0x55fc69ba06b0_0, 0, 31;
L_0x55fc69ba0c00 .part v0x55fc69ba0770_0, 0, 31;
L_0x55fc69ba0d20 .cmp/gt 31, L_0x55fc69ba0c00, L_0x55fc69ba0b10;
L_0x55fc69ba0e60 .concat [ 32 32 0 0], v0x55fc69ba06b0_0, v0x55fc69ba0770_0;
L_0x55fc69ba0f40 .concat [ 32 32 0 0], v0x55fc69ba0770_0, v0x55fc69ba06b0_0;
L_0x55fc69ba1070 .functor MUXZ 64, L_0x55fc69ba0f40, L_0x55fc69ba0e60, L_0x55fc69ba0d20, C4<>;
L_0x55fc69ba11b0 .part L_0x55fc69ba0940, 23, 8;
L_0x55fc69ba12a0 .reduce/or L_0x55fc69ba11b0;
L_0x55fc69ba13f0 .part L_0x55fc69ba0940, 0, 23;
L_0x55fc69ba1490 .concat [ 23 1 0 0], L_0x55fc69ba13f0, L_0x7fceea5d6018;
L_0x55fc69ba15f0 .part L_0x55fc69ba0940, 0, 23;
L_0x55fc69ba1720 .concat [ 23 1 0 0], L_0x55fc69ba15f0, L_0x7fceea5d6060;
L_0x55fc69ba1890 .functor MUXZ 24, L_0x55fc69ba1720, L_0x55fc69ba1490, L_0x55fc69ba12a0, C4<>;
L_0x55fc69ba1a20 .part L_0x55fc69ba0a40, 23, 8;
L_0x55fc69ba1ba0 .reduce/or L_0x55fc69ba1a20;
L_0x55fc69ba1c90 .part L_0x55fc69ba0a40, 0, 23;
L_0x55fc69ba1dd0 .concat [ 23 1 0 0], L_0x55fc69ba1c90, L_0x7fceea5d60a8;
L_0x55fc69ba1f10 .part L_0x55fc69ba0a40, 0, 23;
L_0x55fc69ba1d30 .concat [ 23 1 0 0], L_0x55fc69ba1f10, L_0x7fceea5d60f0;
L_0x55fc69ba20e0 .functor MUXZ 24, L_0x55fc69ba1d30, L_0x55fc69ba1dd0, L_0x55fc69ba1ba0, C4<>;
L_0x55fc69ba2330 .part L_0x55fc69ba0940, 23, 8;
L_0x55fc69ba23d0 .part L_0x55fc69ba0a40, 23, 8;
L_0x55fc69ba2540 .arith/sub 8, L_0x55fc69ba2330, L_0x55fc69ba23d0;
L_0x55fc69ba2680 .shift/r 24, L_0x55fc69ba20e0, L_0x55fc69ba2540;
L_0x55fc69ba28a0 .part L_0x55fc69ba0a40, 23, 8;
L_0x55fc69ba2940 .arith/sum 8, L_0x55fc69ba28a0, L_0x55fc69ba2540;
L_0x55fc69ba2b20 .part L_0x55fc69ba0940, 23, 8;
L_0x55fc69ba2bc0 .cmp/eq 8, L_0x55fc69ba2b20, L_0x55fc69ba2940;
L_0x55fc69ba2e00 .part L_0x55fc69ba0940, 31, 1;
L_0x55fc69ba2ea0 .part L_0x55fc69ba0a40, 31, 1;
L_0x55fc69ba32c0 .concat [ 24 1 0 0], L_0x55fc69ba1890, L_0x7fceea5d6138;
L_0x55fc69ba3450 .concat [ 24 1 0 0], L_0x55fc69ba2680, L_0x7fceea5d6180;
L_0x55fc69ba36b0 .arith/sum 25, L_0x55fc69ba32c0, L_0x55fc69ba3450;
L_0x55fc69bb3870 .functor MUXZ 25, L_0x7fceea5d61c8, L_0x55fc69ba36b0, L_0x55fc69ba31b0, C4<>;
L_0x55fc69bb3a40 .part L_0x55fc69bb3870, 24, 1;
L_0x55fc69bb3b30 .part L_0x55fc69bb3870, 1, 23;
L_0x55fc69bb3d10 .part L_0x55fc69bb3870, 0, 23;
L_0x55fc69bb3e40 .functor MUXZ 23, L_0x55fc69bb3d10, L_0x55fc69bb3b30, L_0x55fc69bb3a40, C4<>;
L_0x55fc69bb40d0 .concat8 [ 23 8 0 0], L_0x55fc69bb3e40, L_0x55fc69bb47b0;
L_0x55fc69bb41c0 .part L_0x55fc69bb3870, 24, 1;
L_0x55fc69bb43c0 .part L_0x55fc69ba0940, 23, 8;
L_0x55fc69bb4460 .arith/sum 8, L_0x55fc69bb43c0, L_0x7fceea5d6210;
L_0x55fc69bb4710 .part L_0x55fc69ba0940, 23, 8;
L_0x55fc69bb47b0 .functor MUXZ 8, L_0x55fc69bb4710, L_0x55fc69bb4460, L_0x55fc69bb41c0, C4<>;
L_0x55fc69bb4c80 .arith/sum 24, L_0x55fc69bb4bd0, L_0x7fceea5d6258;
L_0x55fc69bb4de0 .functor MUXZ 24, L_0x7fceea5d62a0, L_0x55fc69bb4c80, L_0x55fc69bb4b10, C4<>;
L_0x55fc69bb5100 .concat [ 24 1 0 0], L_0x55fc69ba1890, L_0x7fceea5d62e8;
L_0x55fc69bb51f0 .concat [ 24 1 0 0], L_0x55fc69bb4de0, L_0x7fceea5d6330;
L_0x55fc69bb54d0 .arith/sum 25, L_0x55fc69bb5100, L_0x55fc69bb51f0;
L_0x55fc69bb5610 .functor MUXZ 25, L_0x7fceea5d6378, L_0x55fc69bb54d0, L_0x55fc69ba2bc0, C4<>;
L_0x55fc69bb5bc0 .part L_0x55fc69ba0940, 23, 8;
L_0x55fc69bb5cb0 .concat8 [ 23 8 0 0], L_0x55fc69bb5f60, L_0x55fc69bb4d20;
L_0x55fc69bb5f60 .part v0x55fc69b9b4a0_0, 0, 23;
L_0x55fc69bb61f0 .part L_0x55fc69ba0940, 31, 1;
L_0x55fc69bb6460 .concat [ 31 1 0 0], L_0x55fc69bb5cb0, L_0x55fc69bb61f0;
L_0x55fc69bb6550 .part L_0x55fc69ba0940, 31, 1;
L_0x55fc69bb67d0 .concat [ 31 1 0 0], L_0x55fc69bb40d0, L_0x55fc69bb6550;
L_0x55fc69bb6910 .functor MUXZ 32, L_0x55fc69bb67d0, L_0x55fc69bb6460, L_0x55fc69bb60a0, C4<>;
S_0x55fc69b46f40 .scope module, "pe" "priority_encoder" 3 57, 4 1 0, S_0x55fc69b48d70;
 .timescale -9 -12;
    .port_info 0 /INPUT 25 "significand";
    .port_info 1 /INPUT 8 "Exponent_a";
    .port_info 2 /OUTPUT 25 "Significand";
    .port_info 3 /OUTPUT 8 "Exponent_sub";
v0x55fc69b44d70_0 .net "Exponent_a", 7 0, L_0x55fc69bb5bc0;  1 drivers
v0x55fc69b9b3c0_0 .net "Exponent_sub", 7 0, L_0x55fc69bb5a80;  alias, 1 drivers
v0x55fc69b9b4a0_0 .var "Significand", 24 0;
v0x55fc69b9b560_0 .net *"_ivl_0", 7 0, L_0x55fc69bb5990;  1 drivers
L_0x7fceea5d63c0 .functor BUFT 1, C4<000>, C4<0>, C4<0>, C4<0>;
v0x55fc69b9b640_0 .net *"_ivl_3", 2 0, L_0x7fceea5d63c0;  1 drivers
v0x55fc69b9b770_0 .var "shift", 4 0;
v0x55fc69b9b850_0 .net "significand", 24 0, L_0x55fc69bb5610;  alias, 1 drivers
E_0x55fc69b67400 .event edge, v0x55fc69b9b850_0;
L_0x55fc69bb5990 .concat [ 5 3 0 0], v0x55fc69b9b770_0, L_0x7fceea5d63c0;
L_0x55fc69bb5a80 .arith/sub 8, L_0x55fc69bb5bc0, L_0x55fc69bb5990;
    .scope S_0x55fc69b46f40;
T_0 ;
    %wait E_0x55fc69b67400;
    %load/vec4 v0x55fc69b9b850_0;
    %dup/vec4;
    %pushi/vec4 33554431, 8388607, 25;
    %cmp/x;
    %jmp/1 T_0.0, 4;
    %dup/vec4;
    %pushi/vec4 25165823, 4194303, 25;
    %cmp/x;
    %jmp/1 T_0.1, 4;
    %dup/vec4;
    %pushi/vec4 20971519, 2097151, 25;
    %cmp/x;
    %jmp/1 T_0.2, 4;
    %dup/vec4;
    %pushi/vec4 18874367, 1048575, 25;
    %cmp/x;
    %jmp/1 T_0.3, 4;
    %dup/vec4;
    %pushi/vec4 17825791, 524287, 25;
    %cmp/x;
    %jmp/1 T_0.4, 4;
    %dup/vec4;
    %pushi/vec4 17301503, 262143, 25;
    %cmp/x;
    %jmp/1 T_0.5, 4;
    %dup/vec4;
    %pushi/vec4 17039359, 131071, 25;
    %cmp/x;
    %jmp/1 T_0.6, 4;
    %dup/vec4;
    %pushi/vec4 16908287, 65535, 25;
    %cmp/x;
    %jmp/1 T_0.7, 4;
    %dup/vec4;
    %pushi/vec4 16842751, 32767, 25;
    %cmp/x;
    %jmp/1 T_0.8, 4;
    %dup/vec4;
    %pushi/vec4 16809983, 16383, 25;
    %cmp/x;
    %jmp/1 T_0.9, 4;
    %dup/vec4;
    %pushi/vec4 16793599, 8191, 25;
    %cmp/x;
    %jmp/1 T_0.10, 4;
    %dup/vec4;
    %pushi/vec4 16785407, 4095, 25;
    %cmp/x;
    %jmp/1 T_0.11, 4;
    %dup/vec4;
    %pushi/vec4 16781311, 2047, 25;
    %cmp/x;
    %jmp/1 T_0.12, 4;
    %dup/vec4;
    %pushi/vec4 16779263, 1023, 25;
    %cmp/x;
    %jmp/1 T_0.13, 4;
    %dup/vec4;
    %pushi/vec4 16778239, 511, 25;
    %cmp/x;
    %jmp/1 T_0.14, 4;
    %dup/vec4;
    %pushi/vec4 16777727, 255, 25;
    %cmp/x;
    %jmp/1 T_0.15, 4;
    %dup/vec4;
    %pushi/vec4 16777471, 127, 25;
    %cmp/x;
    %jmp/1 T_0.16, 4;
    %dup/vec4;
    %pushi/vec4 16777343, 63, 25;
    %cmp/x;
    %jmp/1 T_0.17, 4;
    %dup/vec4;
    %pushi/vec4 16777279, 31, 25;
    %cmp/x;
    %jmp/1 T_0.18, 4;
    %dup/vec4;
    %pushi/vec4 16777247, 15, 25;
    %cmp/x;
    %jmp/1 T_0.19, 4;
    %dup/vec4;
    %pushi/vec4 16777231, 7, 25;
    %cmp/x;
    %jmp/1 T_0.20, 4;
    %dup/vec4;
    %pushi/vec4 16777223, 3, 25;
    %cmp/x;
    %jmp/1 T_0.21, 4;
    %dup/vec4;
    %pushi/vec4 16777219, 1, 25;
    %cmp/x;
    %jmp/1 T_0.22, 4;
    %dup/vec4;
    %pushi/vec4 16777217, 0, 25;
    %cmp/x;
    %jmp/1 T_0.23, 4;
    %dup/vec4;
    %pushi/vec4 16777216, 0, 25;
    %cmp/x;
    %jmp/1 T_0.24, 4;
    %load/vec4 v0x55fc69b9b850_0;
    %inv;
    %addi 1, 0, 25;
    %store/vec4 v0x55fc69b9b4a0_0, 0, 25;
    %pushi/vec4 0, 0, 5;
    %store/vec4 v0x55fc69b9b770_0, 0, 5;
    %jmp T_0.26;
T_0.0 ;
    %load/vec4 v0x55fc69b9b850_0;
    %store/vec4 v0x55fc69b9b4a0_0, 0, 25;
    %pushi/vec4 0, 0, 5;
    %store/vec4 v0x55fc69b9b770_0, 0, 5;
    %jmp T_0.26;
T_0.1 ;
    %load/vec4 v0x55fc69b9b850_0;
    %ix/load 4, 1, 0;
    %flag_set/imm 4, 0;
    %shiftl 4;
    %store/vec4 v0x55fc69b9b4a0_0, 0, 25;
    %pushi/vec4 1, 0, 5;
    %store/vec4 v0x55fc69b9b770_0, 0, 5;
    %jmp T_0.26;
T_0.2 ;
    %load/vec4 v0x55fc69b9b850_0;
    %ix/load 4, 2, 0;
    %flag_set/imm 4, 0;
    %shiftl 4;
    %store/vec4 v0x55fc69b9b4a0_0, 0, 25;
    %pushi/vec4 2, 0, 5;
    %store/vec4 v0x55fc69b9b770_0, 0, 5;
    %jmp T_0.26;
T_0.3 ;
    %load/vec4 v0x55fc69b9b850_0;
    %ix/load 4, 3, 0;
    %flag_set/imm 4, 0;
    %shiftl 4;
    %store/vec4 v0x55fc69b9b4a0_0, 0, 25;
    %pushi/vec4 3, 0, 5;
    %store/vec4 v0x55fc69b9b770_0, 0, 5;
    %jmp T_0.26;
T_0.4 ;
    %load/vec4 v0x55fc69b9b850_0;
    %ix/load 4, 4, 0;
    %flag_set/imm 4, 0;
    %shiftl 4;
    %store/vec4 v0x55fc69b9b4a0_0, 0, 25;
    %pushi/vec4 4, 0, 5;
    %store/vec4 v0x55fc69b9b770_0, 0, 5;
    %jmp T_0.26;
T_0.5 ;
    %load/vec4 v0x55fc69b9b850_0;
    %ix/load 4, 5, 0;
    %flag_set/imm 4, 0;
    %shiftl 4;
    %store/vec4 v0x55fc69b9b4a0_0, 0, 25;
    %pushi/vec4 5, 0, 5;
    %store/vec4 v0x55fc69b9b770_0, 0, 5;
    %jmp T_0.26;
T_0.6 ;
    %load/vec4 v0x55fc69b9b850_0;
    %ix/load 4, 6, 0;
    %flag_set/imm 4, 0;
    %shiftl 4;
    %store/vec4 v0x55fc69b9b4a0_0, 0, 25;
    %pushi/vec4 6, 0, 5;
    %store/vec4 v0x55fc69b9b770_0, 0, 5;
    %jmp T_0.26;
T_0.7 ;
    %load/vec4 v0x55fc69b9b850_0;
    %ix/load 4, 7, 0;
    %flag_set/imm 4, 0;
    %shiftl 4;
    %store/vec4 v0x55fc69b9b4a0_0, 0, 25;
    %pushi/vec4 7, 0, 5;
    %store/vec4 v0x55fc69b9b770_0, 0, 5;
    %jmp T_0.26;
T_0.8 ;
    %load/vec4 v0x55fc69b9b850_0;
    %ix/load 4, 8, 0;
    %flag_set/imm 4, 0;
    %shiftl 4;
    %store/vec4 v0x55fc69b9b4a0_0, 0, 25;
    %pushi/vec4 8, 0, 5;
    %store/vec4 v0x55fc69b9b770_0, 0, 5;
    %jmp T_0.26;
T_0.9 ;
    %load/vec4 v0x55fc69b9b850_0;
    %ix/load 4, 9, 0;
    %flag_set/imm 4, 0;
    %shiftl 4;
    %store/vec4 v0x55fc69b9b4a0_0, 0, 25;
    %pushi/vec4 9, 0, 5;
    %store/vec4 v0x55fc69b9b770_0, 0, 5;
    %jmp T_0.26;
T_0.10 ;
    %load/vec4 v0x55fc69b9b850_0;
    %ix/load 4, 10, 0;
    %flag_set/imm 4, 0;
    %shiftl 4;
    %store/vec4 v0x55fc69b9b4a0_0, 0, 25;
    %pushi/vec4 10, 0, 5;
    %store/vec4 v0x55fc69b9b770_0, 0, 5;
    %jmp T_0.26;
T_0.11 ;
    %load/vec4 v0x55fc69b9b850_0;
    %ix/load 4, 11, 0;
    %flag_set/imm 4, 0;
    %shiftl 4;
    %store/vec4 v0x55fc69b9b4a0_0, 0, 25;
    %pushi/vec4 11, 0, 5;
    %store/vec4 v0x55fc69b9b770_0, 0, 5;
    %jmp T_0.26;
T_0.12 ;
    %load/vec4 v0x55fc69b9b850_0;
    %ix/load 4, 12, 0;
    %flag_set/imm 4, 0;
    %shiftl 4;
    %store/vec4 v0x55fc69b9b4a0_0, 0, 25;
    %pushi/vec4 12, 0, 5;
    %store/vec4 v0x55fc69b9b770_0, 0, 5;
    %jmp T_0.26;
T_0.13 ;
    %load/vec4 v0x55fc69b9b850_0;
    %ix/load 4, 13, 0;
    %flag_set/imm 4, 0;
    %shiftl 4;
    %store/vec4 v0x55fc69b9b4a0_0, 0, 25;
    %pushi/vec4 13, 0, 5;
    %store/vec4 v0x55fc69b9b770_0, 0, 5;
    %jmp T_0.26;
T_0.14 ;
    %load/vec4 v0x55fc69b9b850_0;
    %ix/load 4, 14, 0;
    %flag_set/imm 4, 0;
    %shiftl 4;
    %store/vec4 v0x55fc69b9b4a0_0, 0, 25;
    %pushi/vec4 14, 0, 5;
    %store/vec4 v0x55fc69b9b770_0, 0, 5;
    %jmp T_0.26;
T_0.15 ;
    %load/vec4 v0x55fc69b9b850_0;
    %ix/load 4, 15, 0;
    %flag_set/imm 4, 0;
    %shiftl 4;
    %store/vec4 v0x55fc69b9b4a0_0, 0, 25;
    %pushi/vec4 15, 0, 5;
    %store/vec4 v0x55fc69b9b770_0, 0, 5;
    %jmp T_0.26;
T_0.16 ;
    %load/vec4 v0x55fc69b9b850_0;
    %ix/load 4, 16, 0;
    %flag_set/imm 4, 0;
    %shiftl 4;
    %store/vec4 v0x55fc69b9b4a0_0, 0, 25;
    %pushi/vec4 16, 0, 5;
    %store/vec4 v0x55fc69b9b770_0, 0, 5;
    %jmp T_0.26;
T_0.17 ;
    %load/vec4 v0x55fc69b9b850_0;
    %ix/load 4, 17, 0;
    %flag_set/imm 4, 0;
    %shiftl 4;
    %store/vec4 v0x55fc69b9b4a0_0, 0, 25;
    %pushi/vec4 17, 0, 5;
    %store/vec4 v0x55fc69b9b770_0, 0, 5;
    %jmp T_0.26;
T_0.18 ;
    %load/vec4 v0x55fc69b9b850_0;
    %ix/load 4, 18, 0;
    %flag_set/imm 4, 0;
    %shiftl 4;
    %store/vec4 v0x55fc69b9b4a0_0, 0, 25;
    %pushi/vec4 18, 0, 5;
    %store/vec4 v0x55fc69b9b770_0, 0, 5;
    %jmp T_0.26;
T_0.19 ;
    %load/vec4 v0x55fc69b9b850_0;
    %ix/load 4, 19, 0;
    %flag_set/imm 4, 0;
    %shiftl 4;
    %store/vec4 v0x55fc69b9b4a0_0, 0, 25;
    %pushi/vec4 19, 0, 5;
    %store/vec4 v0x55fc69b9b770_0, 0, 5;
    %jmp T_0.26;
T_0.20 ;
    %load/vec4 v0x55fc69b9b850_0;
    %ix/load 4, 20, 0;
    %flag_set/imm 4, 0;
    %shiftl 4;
    %store/vec4 v0x55fc69b9b4a0_0, 0, 25;
    %pushi/vec4 20, 0, 5;
    %store/vec4 v0x55fc69b9b770_0, 0, 5;
    %jmp T_0.26;
T_0.21 ;
    %load/vec4 v0x55fc69b9b850_0;
    %ix/load 4, 21, 0;
    %flag_set/imm 4, 0;
    %shiftl 4;
    %store/vec4 v0x55fc69b9b4a0_0, 0, 25;
    %pushi/vec4 21, 0, 5;
    %store/vec4 v0x55fc69b9b770_0, 0, 5;
    %jmp T_0.26;
T_0.22 ;
    %load/vec4 v0x55fc69b9b850_0;
    %ix/load 4, 22, 0;
    %flag_set/imm 4, 0;
    %shiftl 4;
    %store/vec4 v0x55fc69b9b4a0_0, 0, 25;
    %pushi/vec4 22, 0, 5;
    %store/vec4 v0x55fc69b9b770_0, 0, 5;
    %jmp T_0.26;
T_0.23 ;
    %load/vec4 v0x55fc69b9b850_0;
    %ix/load 4, 23, 0;
    %flag_set/imm 4, 0;
    %shiftl 4;
    %store/vec4 v0x55fc69b9b4a0_0, 0, 25;
    %pushi/vec4 23, 0, 5;
    %store/vec4 v0x55fc69b9b770_0, 0, 5;
    %jmp T_0.26;
T_0.24 ;
    %load/vec4 v0x55fc69b9b850_0;
    %ix/load 4, 24, 0;
    %flag_set/imm 4, 0;
    %shiftl 4;
    %store/vec4 v0x55fc69b9b4a0_0, 0, 25;
    %pushi/vec4 24, 0, 5;
    %store/vec4 v0x55fc69b9b770_0, 0, 5;
    %jmp T_0.26;
T_0.26 ;
    %pop/vec4 1;
    %jmp T_0;
    .thread T_0, $push;
    .scope S_0x55fc69b45610;
T_1 ;
    %pushi/vec4 1065353216, 0, 32;
    %store/vec4 v0x55fc69ba06b0_0, 0, 32;
    %pushi/vec4 1073741824, 0, 32;
    %store/vec4 v0x55fc69ba0770_0, 0, 32;
    %delay 10000, 0;
    %pushi/vec4 3221225472, 0, 32;
    %store/vec4 v0x55fc69ba06b0_0, 0, 32;
    %pushi/vec4 1073741824, 0, 32;
    %store/vec4 v0x55fc69ba0770_0, 0, 32;
    %delay 10000, 0;
    %pushi/vec4 1078530011, 0, 32;
    %store/vec4 v0x55fc69ba06b0_0, 0, 32;
    %pushi/vec4 1073741824, 0, 32;
    %store/vec4 v0x55fc69ba0770_0, 0, 32;
    %delay 10000, 0;
    %pushi/vec4 3212836864, 0, 32;
    %store/vec4 v0x55fc69ba06b0_0, 0, 32;
    %pushi/vec4 1065353216, 0, 32;
    %store/vec4 v0x55fc69ba0770_0, 0, 32;
    %delay 10000, 0;
    %pushi/vec4 1065353216, 0, 32;
    %store/vec4 v0x55fc69ba06b0_0, 0, 32;
    %pushi/vec4 1065353216, 0, 32;
    %store/vec4 v0x55fc69ba0770_0, 0, 32;
    %delay 10000, 0;
    %pushi/vec4 1088421888, 0, 32;
    %store/vec4 v0x55fc69ba06b0_0, 0, 32;
    %pushi/vec4 1086324736, 0, 32;
    %store/vec4 v0x55fc69ba0770_0, 0, 32;
    %delay 10000, 0;
    %pushi/vec4 1099956224, 0, 32;
    %store/vec4 v0x55fc69ba06b0_0, 0, 32;
    %pushi/vec4 1078530011, 0, 32;
    %store/vec4 v0x55fc69ba0770_0, 0, 32;
    %delay 10000, 0;
    %pushi/vec4 3263168512, 0, 32;
    %store/vec4 v0x55fc69ba06b0_0, 0, 32;
    %pushi/vec4 3261071360, 0, 32;
    %store/vec4 v0x55fc69ba0770_0, 0, 32;
    %delay 10000, 0;
    %pushi/vec4 1149240115, 0, 32;
    %store/vec4 v0x55fc69ba06b0_0, 0, 32;
    %pushi/vec4 3267887104, 0, 32;
    %store/vec4 v0x55fc69ba0770_0, 0, 32;
    %delay 10000, 0;
    %pushi/vec4 3267887104, 0, 32;
    %store/vec4 v0x55fc69ba06b0_0, 0, 32;
    %pushi/vec4 1086324736, 0, 32;
    %store/vec4 v0x55fc69ba0770_0, 0, 32;
    %delay 10000, 0;
    %pushi/vec4 3267887104, 0, 32;
    %store/vec4 v0x55fc69ba06b0_0, 0, 32;
    %pushi/vec4 1078530011, 0, 32;
    %store/vec4 v0x55fc69ba0770_0, 0, 32;
    %delay 10000, 0;
    %vpi_call 2 59 "$finish" {0 0 0};
    %end;
    .thread T_1;
    .scope S_0x55fc69b45610;
T_2 ;
    %vpi_call 2 64 "$dumpfile", "fp_adder_tb.vcd" {0 0 0};
    %vpi_call 2 65 "$dumpvars", 32'sb00000000000000000000000000000000, S_0x55fc69b45610 {0 0 0};
    %end;
    .thread T_2;
# The file index is used to find the file name in the following table.
:file_names 5;
    "N/A";
    "<interactive>";
    "fp_adder_tb.sv";
    "fp_adder.sv";
    "priority_encoder.sv";
